[debug] [2018-07-14T15:43:11.779Z] ----------------------------------------------------------------------
[debug] [2018-07-14T15:43:11.781Z] Command:       /usr/local/Cellar/node/9.3.0_1/bin/node /usr/local/bin/firebase deploy
[debug] [2018-07-14T15:43:11.781Z] CLI Version:   3.18.4
[debug] [2018-07-14T15:43:11.781Z] Platform:      darwin
[debug] [2018-07-14T15:43:11.781Z] Node Version:  v9.3.0
[debug] [2018-07-14T15:43:11.781Z] Time:          Sat Jul 14 2018 17:43:11 GMT+0200 (CEST)
[debug] [2018-07-14T15:43:11.781Z] ----------------------------------------------------------------------
[debug] 
[debug] [2018-07-14T15:43:11.793Z] > command requires scopes: ["email","openid","https://www.googleapis.com/auth/cloudplatformprojects.readonly","https://www.googleapis.com/auth/firebase","https://www.googleapis.com/auth/cloud-platform"]
[debug] [2018-07-14T15:43:11.793Z] > authorizing via signed-in user
[debug] [2018-07-14T15:43:11.795Z] >>> HTTP REQUEST GET https://admin.firebase.com/v1/projects/mensa-ad841  
  
 Sat Jul 14 2018 17:43:11 GMT+0200 (CEST)
[debug] [2018-07-14T15:43:12.636Z] <<< HTTP RESPONSE 200
[debug] [2018-07-14T15:43:12.637Z] >>> HTTP REQUEST GET https://admin.firebase.com/v1/database/mensa-ad841/tokens  
  
 Sat Jul 14 2018 17:43:12 GMT+0200 (CEST)
[debug] [2018-07-14T15:43:16.623Z] <<< HTTP RESPONSE 200
[info] 
[info] === Deploying to 'mensa-ad841'...
[info] 
[info] i  deploying functions
[info] Running command: npm --prefix "$RESOURCE_DIR" run lint
[info] ✔  functions: Finished running predeploy script.
[debug] [2018-07-14T15:43:21.540Z] > [functions] package.json contents: {
  "name": "functions",
  "description": "Cloud Functions for Firebase",
  "scripts": {
    "lint": "eslint .",
    "serve": "firebase serve --only functions",
    "shell": "firebase functions:shell",
    "start": "npm run shell",
    "deploy": "firebase deploy --only functions",
    "logs": "firebase functions:log"
  },
  "dependencies": {
    "firebase-admin": "~5.12.0",
    "firebase-functions": "^1.0.1",
    "request-promise": "^4.2.2",
    "cheerio": "^1.0.0-rc.2",
    "is-number": "^7.0.0",
    "url": "^0.11.0",
    "request": "^2.87.0"
  },
  "devDependencies": {
    "eslint": "^4.12.0",
    "eslint-plugin-promise": "^3.6.0"
  },
  "private": true
}
[info] i  functions: ensuring necessary APIs are enabled...
[debug] [2018-07-14T15:43:21.542Z] >>> HTTP REQUEST GET https://servicemanagement.googleapis.com/v1/services/cloudfunctions.googleapis.com/projectSettings/mensa-ad841?view=CONSUMER_VIEW  
  
 Sat Jul 14 2018 17:43:21 GMT+0200 (CEST)
[debug] [2018-07-14T15:43:21.543Z] >>> HTTP REQUEST GET https://servicemanagement.googleapis.com/v1/services/runtimeconfig.googleapis.com/projectSettings/mensa-ad841?view=CONSUMER_VIEW  
  
 Sat Jul 14 2018 17:43:21 GMT+0200 (CEST)
[debug] [2018-07-14T15:43:22.865Z] <<< HTTP RESPONSE 200
[debug] [2018-07-14T15:43:22.892Z] <<< HTTP RESPONSE 200
[info] ✔  functions: all necessary APIs are enabled
[debug] [2018-07-14T15:43:22.893Z] >>> HTTP REQUEST GET https://cloudresourcemanager.googleapis.com/v1/projects/mensa-ad841  
  
 Sat Jul 14 2018 17:43:22 GMT+0200 (CEST)
[debug] [2018-07-14T15:43:23.786Z] <<< HTTP RESPONSE 200
[debug] [2018-07-14T15:43:23.787Z] >>> HTTP REQUEST GET https://mobilesdk-pa.googleapis.com/v1/projects/924885332841:getServerAppConfig  
  
 Sat Jul 14 2018 17:43:23 GMT+0200 (CEST)
[debug] [2018-07-14T15:43:24.199Z] <<< HTTP RESPONSE 200
[info] i  functions: preparing functions directory for uploading...
[debug] [2018-07-14T15:43:24.201Z] >>> HTTP REQUEST GET https://runtimeconfig.googleapis.com/v1beta1/projects/mensa-ad841/configs  
  
 Sat Jul 14 2018 17:43:24 GMT+0200 (CEST)
[debug] [2018-07-14T15:43:24.503Z] <<< HTTP RESPONSE 200
[info] i  functions: packaged functions (54.22 KB) for uploading
[debug] [2018-07-14T15:43:25.282Z] >>> HTTP REQUEST POST https://cloudfunctions.googleapis.com/v1/projects/mensa-ad841/locations/us-central1/functions:generateUploadUrl  
  
 Sat Jul 14 2018 17:43:25 GMT+0200 (CEST)
[debug] [2018-07-14T15:43:25.637Z] <<< HTTP RESPONSE 200
[debug] [2018-07-14T15:43:25.638Z] >>> HTTP REQUEST PUT https://storage.googleapis.com/gcf-upload-us-central1-14168bc2-6a42-4e43-9bbc-e1b735f31472/10f09c72-6a3e-478c-8265-45f685afe0b8.zip?GoogleAccessId=service-924885332841@gcf-admin-robot.iam.gserviceaccount.com&Expires=1531584805&Signature=OVVnd3sYKXpmWBlq2U236aFBAYWMcbqIYfTveOorfO38JtJk8VBziqFb19Rkv3w%2FFdLW53iwcZ94I%2Fvazm%2B1A7BErBexusYS5i1Phzb2CzbL4SLebCiFOJN%2BRdHK31n1LOVVAQHxhiX%2BPwEEOJYfLSwvSG7QlcEVqdK27tM24DKL%2BYC2rvGcrxj7zC4nJgbEOPmMxVWGIkOZpcjuwhQQcG5SFRVD8LcWBduY5eth8ajeWHwuxtce9s%2Bysg%2B%2F0Nj5u5U86B95VzZkSxyUwNpLeWeBpMLzyqdV4omvm%2Fsf%2FwpXjO%2FHLDET%2FIZ%2BEVj%2FtpP7LTcP7u4VsHsSmhinZmAeSg%3D%3D  
 ReadStream {
  _readableState: 
   ReadableState {
     objectMode: false,
     highWaterMark: 65536,
     buffer: BufferList { head: [Object], tail: [Object], length: 1 },
     length: 55523,
     pipes: null,
     pipesCount: 0,
     flowing: null,
     ended: true,
     endEmitted: false,
     reading: false,
     sync: false,
     needReadable: false,
     emittedReadable: true,
     readableListening: false,
     resumeScheduled: false,
     destroyed: false,
     defaultEncoding: 'utf8',
     awaitDrain: 0,
     readingMore: false,
     decoder: null,
     encoding: null },
  readable: true,
  domain: null,
  _events: { end: [Function] },
  _eventsCount: 1,
  _maxListeners: undefined,
  path: '/var/folders/_b/qrmrnb4s535gq5b0mrh553sh0000gn/T/firebase-functions-251795jrxtdtowS2H.zip',
  fd: 19,
  flags: 'r',
  mode: 438,
  start: undefined,
  end: undefined,
  autoClose: true,
  pos: undefined,
  bytesRead: 55523 } 
 Sat Jul 14 2018 17:43:25 GMT+0200 (CEST)
[debug] [2018-07-14T15:43:26.143Z] <<< HTTP RESPONSE 200
[info] ✔  functions: functions folder uploaded successfully
[debug] [2018-07-14T15:43:26.145Z] >>> HTTP REQUEST GET https://cloudfunctions.googleapis.com/v1/projects/mensa-ad841/locations/us-central1/functions  
  
 Sat Jul 14 2018 17:43:26 GMT+0200 (CEST)
[debug] [2018-07-14T15:43:26.552Z] <<< HTTP RESPONSE 200
[info] i  functions: updating function updateMenu...
[debug] [2018-07-14T15:43:26.555Z] Trigger is:  {"httpsTrigger":{}}
[debug] [2018-07-14T15:43:26.557Z] >>> HTTP REQUEST PATCH https://cloudfunctions.googleapis.com/v1/projects/mensa-ad841/locations/us-central1/functions/updateMenu 
query params: {"updateMask":"sourceUploadUrl,name,labels,httpsTrigger"} 
 { sourceUploadUrl: 'https://storage.googleapis.com/gcf-upload-us-central1-14168bc2-6a42-4e43-9bbc-e1b735f31472/10f09c72-6a3e-478c-8265-45f685afe0b8.zip?GoogleAccessId=service-924885332841@gcf-admin-robot.iam.gserviceaccount.com&Expires=1531584805&Signature=OVVnd3sYKXpmWBlq2U236aFBAYWMcbqIYfTveOorfO38JtJk8VBziqFb19Rkv3w%2FFdLW53iwcZ94I%2Fvazm%2B1A7BErBexusYS5i1Phzb2CzbL4SLebCiFOJN%2BRdHK31n1LOVVAQHxhiX%2BPwEEOJYfLSwvSG7QlcEVqdK27tM24DKL%2BYC2rvGcrxj7zC4nJgbEOPmMxVWGIkOZpcjuwhQQcG5SFRVD8LcWBduY5eth8ajeWHwuxtce9s%2Bysg%2B%2F0Nj5u5U86B95VzZkSxyUwNpLeWeBpMLzyqdV4omvm%2Fsf%2FwpXjO%2FHLDET%2FIZ%2BEVj%2FtpP7LTcP7u4VsHsSmhinZmAeSg%3D%3D',
  name: 'projects/mensa-ad841/locations/us-central1/functions/updateMenu',
  labels: { 'deployment-tool': 'cli-firebase' },
  httpsTrigger: {} } 
 Sat Jul 14 2018 17:43:26 GMT+0200 (CEST)
[debug] [2018-07-14T15:43:27.067Z] <<< HTTP RESPONSE 200
[debug] [2018-07-14T15:43:27.069Z] >>> HTTP REQUEST GET https://cloudfunctions.googleapis.com/v1/projects/mensa-ad841/locations/us-central1/functions  
  
 Sat Jul 14 2018 17:43:27 GMT+0200 (CEST)
[debug] [2018-07-14T15:43:27.376Z] <<< HTTP RESPONSE 200
[debug] [2018-07-14T15:43:27.377Z] >>> HTTP REQUEST GET https://cloudfunctions.googleapis.com/v1/operations/bWVuc2EtYWQ4NDEvdXMtY2VudHJhbDEvdXBkYXRlTWVudS9yZ19lWlVsckxpOA  
  
 Sat Jul 14 2018 17:43:27 GMT+0200 (CEST)
[debug] [2018-07-14T15:43:27.684Z] <<< HTTP RESPONSE 200
[debug] [2018-07-14T15:43:29.686Z] >>> HTTP REQUEST GET https://cloudfunctions.googleapis.com/v1/operations/bWVuc2EtYWQ4NDEvdXMtY2VudHJhbDEvdXBkYXRlTWVudS9yZ19lWlVsckxpOA  
  
 Sat Jul 14 2018 17:43:29 GMT+0200 (CEST)
[debug] [2018-07-14T15:43:29.886Z] <<< HTTP RESPONSE 200
[debug] [2018-07-14T15:43:31.891Z] >>> HTTP REQUEST GET https://cloudfunctions.googleapis.com/v1/operations/bWVuc2EtYWQ4NDEvdXMtY2VudHJhbDEvdXBkYXRlTWVudS9yZ19lWlVsckxpOA  
  
 Sat Jul 14 2018 17:43:31 GMT+0200 (CEST)
[debug] [2018-07-14T15:43:32.107Z] <<< HTTP RESPONSE 200
